<?xml version="1.0" encoding="UTF-8"?>
<testsuite name="com.phonebook.tests.CreateAccountTests" tests="1" skipped="0" failures="0" errors="0" timestamp="2025-04-30T11:33:58" hostname="LAPTOP-6EFDPQFV" time="1.572">
  <properties/>
  <testcase name="existedUserRegistrationNegativeTest" classname="com.phonebook.tests.CreateAccountTests" time="1.572"/>
  <system-out><![CDATA[13:33:58.905 [Test worker] INFO  com.phonebook.tests.TestBase -- Start testexistedUserRegistrationNegativeTest[]
13:33:58.929 [Test worker] INFO  com.phonebook.utils.MyListener -- Before find elements -> Logger[com.phonebook.utils.MyListener]
13:33:58.931 [Test worker] INFO  com.phonebook.utils.MyListener -- =========================================================
13:33:58.956 [Test worker] INFO  com.phonebook.utils.MyListener -- List size -> 1
13:33:58.956 [Test worker] INFO  com.phonebook.utils.MyListener -- =========================================================
13:33:58.962 [Test worker] INFO  com.phonebook.utils.MyListener -- The locator will find -> By.cssSelector: [href='/login']
13:33:58.963 [Test worker] INFO  com.phonebook.utils.MyListener -- =========================================================
13:33:58.982 [Test worker] INFO  com.phonebook.utils.MyListener -- The locator is -> By.cssSelector: [href='/login']
13:33:58.982 [Test worker] INFO  com.phonebook.utils.MyListener -- =========================================================
13:33:59.114 [Test worker] INFO  com.phonebook.utils.MyListener -- The locator will find -> By.name: email
13:33:59.114 [Test worker] INFO  com.phonebook.utils.MyListener -- =========================================================
13:33:59.146 [Test worker] INFO  com.phonebook.utils.MyListener -- The locator is -> By.name: email
13:33:59.147 [Test worker] INFO  com.phonebook.utils.MyListener -- =========================================================
13:33:59.330 [Test worker] INFO  com.phonebook.utils.MyListener -- The locator will find -> By.name: email
13:33:59.330 [Test worker] INFO  com.phonebook.utils.MyListener -- =========================================================
13:33:59.346 [Test worker] INFO  com.phonebook.utils.MyListener -- The locator is -> By.name: email
13:33:59.346 [Test worker] INFO  com.phonebook.utils.MyListener -- =========================================================
13:33:59.387 [Test worker] INFO  com.phonebook.utils.MyListener -- The locator will find -> By.name: email
13:33:59.388 [Test worker] INFO  com.phonebook.utils.MyListener -- =========================================================
13:33:59.418 [Test worker] INFO  com.phonebook.utils.MyListener -- The locator is -> By.name: email
13:33:59.418 [Test worker] INFO  com.phonebook.utils.MyListener -- =========================================================
13:33:59.537 [Test worker] INFO  com.phonebook.utils.MyListener -- The locator will find -> By.name: password
13:33:59.537 [Test worker] INFO  com.phonebook.utils.MyListener -- =========================================================
13:33:59.553 [Test worker] INFO  com.phonebook.utils.MyListener -- The locator is -> By.name: password
13:33:59.553 [Test worker] INFO  com.phonebook.utils.MyListener -- =========================================================
13:33:59.666 [Test worker] INFO  com.phonebook.utils.MyListener -- The locator will find -> By.name: password
13:33:59.667 [Test worker] INFO  com.phonebook.utils.MyListener -- =========================================================
13:33:59.689 [Test worker] INFO  com.phonebook.utils.MyListener -- The locator is -> By.name: password
13:33:59.689 [Test worker] INFO  com.phonebook.utils.MyListener -- =========================================================
13:33:59.750 [Test worker] INFO  com.phonebook.utils.MyListener -- The locator will find -> By.name: password
13:33:59.750 [Test worker] INFO  com.phonebook.utils.MyListener -- =========================================================
13:33:59.762 [Test worker] INFO  com.phonebook.utils.MyListener -- The locator is -> By.name: password
13:33:59.762 [Test worker] INFO  com.phonebook.utils.MyListener -- =========================================================
13:33:59.851 [Test worker] INFO  com.phonebook.utils.MyListener -- The locator will find -> By.name: registration
13:33:59.852 [Test worker] INFO  com.phonebook.utils.MyListener -- =========================================================
13:33:59.879 [Test worker] INFO  com.phonebook.utils.MyListener -- The locator is -> By.name: registration
13:33:59.879 [Test worker] INFO  com.phonebook.utils.MyListener -- =========================================================
13:33:59.980 [Test worker] INFO  com.phonebook.utils.MyListener -- The test has a problem
13:33:59.980 [Test worker] INFO  com.phonebook.utils.MyListener -- =========================================================
13:33:59.980 [Test worker] INFO  com.phonebook.utils.MyListener -- Method -> alert
13:33:59.981 [Test worker] INFO  com.phonebook.utils.MyListener -- =========================================================
13:33:59.981 [Test worker] INFO  com.phonebook.utils.MyListener -- TargetException -> org.openqa.selenium.NoAlertPresentException: no such alert
  (Session info: chrome=135.0.7049.97)
Build info: version: '4.31.0', revision: '1ef9f18787*'
System info: os.name: 'Windows 11', os.arch: 'amd64', os.version: '10.0', java.version: '17.0.13'
Driver info: org.openqa.selenium.chrome.ChromeDriver
Command: [e77e2f0d287b709993e48d3c7c749014, getAlertText {}]
Capabilities {acceptInsecureCerts: false, browserName: chrome, browserVersion: 135.0.7049.97, chrome: {chromedriverVersion: 135.0.7049.42 (0f351bbd2617..., userDataDir: C:\Users\anyat\AppData\Loca...}, fedcm:accounts: true, goog:chromeOptions: {debuggerAddress: localhost:51770}, networkConnectionEnabled: false, pageLoadStrategy: normal, platformName: windows, proxy: Proxy(), se:cdp: ws://localhost:51770/devtoo..., se:cdpVersion: 135.0.7049.97, setWindowRect: true, strictFileInteractability: false, timeouts: {implicit: 0, pageLoad: 300000, script: 30000}, unhandledPromptBehavior: dismiss and notify, webauthn:extension:credBlob: true, webauthn:extension:largeBlob: true, webauthn:extension:minPinLength: true, webauthn:extension:prf: true, webauthn:virtualAuthenticators: true}
Session ID: e77e2f0d287b709993e48d3c7c749014
13:33:59.982 [Test worker] INFO  com.phonebook.utils.MyListener -- =========================================================
13:33:59.982 [Test worker] INFO  com.phonebook.utils.MyListener -- Object target -> org.openqa.selenium.remote.RemoteWebDriver$RemoteTargetLocator@6f94a5a5
13:33:59.982 [Test worker] INFO  com.phonebook.utils.MyListener -- =========================================================
13:34:00.509 [Test worker] INFO  com.phonebook.utils.MyListener -- Before find elements -> Logger[com.phonebook.utils.MyListener]
13:34:00.509 [Test worker] INFO  com.phonebook.utils.MyListener -- =========================================================
13:34:00.532 [Test worker] INFO  com.phonebook.utils.MyListener -- List size -> 1
13:34:00.533 [Test worker] INFO  com.phonebook.utils.MyListener -- =========================================================
13:34:00.536 [Test worker] INFO  com.phonebook.tests.TestBase -- PASSED: existedUserRegistrationNegativeTest
13:34:00.536 [Test worker] INFO  com.phonebook.tests.TestBase -- Stop test
13:34:00.536 [Test worker] INFO  com.phonebook.tests.TestBase -- ==========================================================
]]></system-out>
  <system-err><![CDATA[]]></system-err>
</testsuite>
