<?xml version="1.0" encoding="UTF-8"?>
<testsuite name="com.phonebook.tests.DeleteContactTests" tests="1" skipped="0" failures="0" errors="0" timestamp="2025-04-30T09:54:29" hostname="LAPTOP-6EFDPQFV" time="1.907">
  <properties/>
  <testcase name="deleteContactTest" classname="com.phonebook.tests.DeleteContactTests" time="1.907"/>
  <system-out><![CDATA[11:54:26.362 [Test worker] INFO  com.phonebook.tests.TestBase -- Start testdeleteContactTest[]
11:54:26.364 [Test worker] INFO  com.phonebook.utils.MyListener -- Before find elements -> Logger[com.phonebook.utils.MyListener]
11:54:26.364 [Test worker] INFO  com.phonebook.utils.MyListener -- =========================================================
11:54:26.375 [Test worker] INFO  com.phonebook.utils.MyListener -- List size -> 1
11:54:26.375 [Test worker] INFO  com.phonebook.utils.MyListener -- =========================================================
11:54:26.375 [Test worker] INFO  com.phonebook.utils.MyListener -- The locator will find -> By.cssSelector: [href='/login']
11:54:26.375 [Test worker] INFO  com.phonebook.utils.MyListener -- =========================================================
11:54:26.384 [Test worker] INFO  com.phonebook.utils.MyListener -- The locator is -> By.cssSelector: [href='/login']
11:54:26.384 [Test worker] INFO  com.phonebook.utils.MyListener -- =========================================================
11:54:26.460 [Test worker] INFO  com.phonebook.utils.MyListener -- The locator will find -> By.name: email
11:54:26.460 [Test worker] INFO  com.phonebook.utils.MyListener -- =========================================================
11:54:26.471 [Test worker] INFO  com.phonebook.utils.MyListener -- The locator is -> By.name: email
11:54:26.471 [Test worker] INFO  com.phonebook.utils.MyListener -- =========================================================
11:54:26.548 [Test worker] INFO  com.phonebook.utils.MyListener -- The locator will find -> By.name: email
11:54:26.548 [Test worker] INFO  com.phonebook.utils.MyListener -- =========================================================
11:54:26.559 [Test worker] INFO  com.phonebook.utils.MyListener -- The locator is -> By.name: email
11:54:26.559 [Test worker] INFO  com.phonebook.utils.MyListener -- =========================================================
11:54:26.588 [Test worker] INFO  com.phonebook.utils.MyListener -- The locator will find -> By.name: email
11:54:26.588 [Test worker] INFO  com.phonebook.utils.MyListener -- =========================================================
11:54:26.595 [Test worker] INFO  com.phonebook.utils.MyListener -- The locator is -> By.name: email
11:54:26.595 [Test worker] INFO  com.phonebook.utils.MyListener -- =========================================================
11:54:26.687 [Test worker] INFO  com.phonebook.utils.MyListener -- The locator will find -> By.name: password
11:54:26.687 [Test worker] INFO  com.phonebook.utils.MyListener -- =========================================================
11:54:26.696 [Test worker] INFO  com.phonebook.utils.MyListener -- The locator is -> By.name: password
11:54:26.697 [Test worker] INFO  com.phonebook.utils.MyListener -- =========================================================
11:54:26.762 [Test worker] INFO  com.phonebook.utils.MyListener -- The locator will find -> By.name: password
11:54:26.762 [Test worker] INFO  com.phonebook.utils.MyListener -- =========================================================
11:54:26.774 [Test worker] INFO  com.phonebook.utils.MyListener -- The locator is -> By.name: password
11:54:26.774 [Test worker] INFO  com.phonebook.utils.MyListener -- =========================================================
11:54:26.805 [Test worker] INFO  com.phonebook.utils.MyListener -- The locator will find -> By.name: password
11:54:26.806 [Test worker] INFO  com.phonebook.utils.MyListener -- =========================================================
11:54:26.814 [Test worker] INFO  com.phonebook.utils.MyListener -- The locator is -> By.name: password
11:54:26.814 [Test worker] INFO  com.phonebook.utils.MyListener -- =========================================================
11:54:26.872 [Test worker] INFO  com.phonebook.utils.MyListener -- The locator will find -> By.name: login
11:54:26.874 [Test worker] INFO  com.phonebook.utils.MyListener -- =========================================================
11:54:26.889 [Test worker] INFO  com.phonebook.utils.MyListener -- The locator is -> By.name: login
11:54:26.889 [Test worker] INFO  com.phonebook.utils.MyListener -- =========================================================
11:54:26.955 [Test worker] INFO  com.phonebook.utils.MyListener -- The locator will find -> By.cssSelector: [href='/add']
11:54:26.955 [Test worker] INFO  com.phonebook.utils.MyListener -- =========================================================
11:54:27.248 [Test worker] INFO  com.phonebook.utils.MyListener -- The locator is -> By.cssSelector: [href='/add']
11:54:27.248 [Test worker] INFO  com.phonebook.utils.MyListener -- =========================================================
11:54:27.338 [Test worker] INFO  com.phonebook.utils.MyListener -- The locator will find -> By.cssSelector: input[placeholder='Name']
11:54:27.338 [Test worker] INFO  com.phonebook.utils.MyListener -- =========================================================
11:54:27.354 [Test worker] INFO  com.phonebook.utils.MyListener -- The locator is -> By.cssSelector: input[placeholder='Name']
11:54:27.354 [Test worker] INFO  com.phonebook.utils.MyListener -- =========================================================
11:54:27.422 [Test worker] INFO  com.phonebook.utils.MyListener -- The locator will find -> By.cssSelector: input[placeholder='Name']
11:54:27.422 [Test worker] INFO  com.phonebook.utils.MyListener -- =========================================================
11:54:27.432 [Test worker] INFO  com.phonebook.utils.MyListener -- The locator is -> By.cssSelector: input[placeholder='Name']
11:54:27.432 [Test worker] INFO  com.phonebook.utils.MyListener -- =========================================================
11:54:27.467 [Test worker] INFO  com.phonebook.utils.MyListener -- The locator will find -> By.cssSelector: input[placeholder='Name']
11:54:27.467 [Test worker] INFO  com.phonebook.utils.MyListener -- =========================================================
11:54:27.479 [Test worker] INFO  com.phonebook.utils.MyListener -- The locator is -> By.cssSelector: input[placeholder='Name']
11:54:27.479 [Test worker] INFO  com.phonebook.utils.MyListener -- =========================================================
11:54:27.513 [Test worker] INFO  com.phonebook.utils.MyListener -- The locator will find -> By.cssSelector: input[placeholder='Last Name']
11:54:27.513 [Test worker] INFO  com.phonebook.utils.MyListener -- =========================================================
11:54:27.528 [Test worker] INFO  com.phonebook.utils.MyListener -- The locator is -> By.cssSelector: input[placeholder='Last Name']
11:54:27.528 [Test worker] INFO  com.phonebook.utils.MyListener -- =========================================================
11:54:27.603 [Test worker] INFO  com.phonebook.utils.MyListener -- The locator will find -> By.cssSelector: input[placeholder='Last Name']
11:54:27.605 [Test worker] INFO  com.phonebook.utils.MyListener -- =========================================================
11:54:27.612 [Test worker] INFO  com.phonebook.utils.MyListener -- The locator is -> By.cssSelector: input[placeholder='Last Name']
11:54:27.612 [Test worker] INFO  com.phonebook.utils.MyListener -- =========================================================
11:54:27.640 [Test worker] INFO  com.phonebook.utils.MyListener -- The locator will find -> By.cssSelector: input[placeholder='Last Name']
11:54:27.642 [Test worker] INFO  com.phonebook.utils.MyListener -- =========================================================
11:54:27.651 [Test worker] INFO  com.phonebook.utils.MyListener -- The locator is -> By.cssSelector: input[placeholder='Last Name']
11:54:27.651 [Test worker] INFO  com.phonebook.utils.MyListener -- =========================================================
11:54:27.713 [Test worker] INFO  com.phonebook.utils.MyListener -- The locator will find -> By.cssSelector: input[placeholder='Phone']
11:54:27.713 [Test worker] INFO  com.phonebook.utils.MyListener -- =========================================================
11:54:27.734 [Test worker] INFO  com.phonebook.utils.MyListener -- The locator is -> By.cssSelector: input[placeholder='Phone']
11:54:27.734 [Test worker] INFO  com.phonebook.utils.MyListener -- =========================================================
11:54:27.820 [Test worker] INFO  com.phonebook.utils.MyListener -- The locator will find -> By.cssSelector: input[placeholder='Phone']
11:54:27.820 [Test worker] INFO  com.phonebook.utils.MyListener -- =========================================================
11:54:27.830 [Test worker] INFO  com.phonebook.utils.MyListener -- The locator is -> By.cssSelector: input[placeholder='Phone']
11:54:27.830 [Test worker] INFO  com.phonebook.utils.MyListener -- =========================================================
11:54:27.896 [Test worker] INFO  com.phonebook.utils.MyListener -- The locator will find -> By.cssSelector: input[placeholder='Phone']
11:54:27.896 [Test worker] INFO  com.phonebook.utils.MyListener -- =========================================================
11:54:27.907 [Test worker] INFO  com.phonebook.utils.MyListener -- The locator is -> By.cssSelector: input[placeholder='Phone']
11:54:27.907 [Test worker] INFO  com.phonebook.utils.MyListener -- =========================================================
11:54:28.001 [Test worker] INFO  com.phonebook.utils.MyListener -- The locator will find -> By.cssSelector: input[placeholder='email']
11:54:28.001 [Test worker] INFO  com.phonebook.utils.MyListener -- =========================================================
11:54:28.022 [Test worker] INFO  com.phonebook.utils.MyListener -- The locator is -> By.cssSelector: input[placeholder='email']
11:54:28.022 [Test worker] INFO  com.phonebook.utils.MyListener -- =========================================================
11:54:28.135 [Test worker] INFO  com.phonebook.utils.MyListener -- The locator will find -> By.cssSelector: input[placeholder='email']
11:54:28.136 [Test worker] INFO  com.phonebook.utils.MyListener -- =========================================================
11:54:28.146 [Test worker] INFO  com.phonebook.utils.MyListener -- The locator is -> By.cssSelector: input[placeholder='email']
11:54:28.146 [Test worker] INFO  com.phonebook.utils.MyListener -- =========================================================
11:54:28.180 [Test worker] INFO  com.phonebook.utils.MyListener -- The locator will find -> By.cssSelector: input[placeholder='email']
11:54:28.180 [Test worker] INFO  com.phonebook.utils.MyListener -- =========================================================
11:54:28.191 [Test worker] INFO  com.phonebook.utils.MyListener -- The locator is -> By.cssSelector: input[placeholder='email']
11:54:28.191 [Test worker] INFO  com.phonebook.utils.MyListener -- =========================================================
11:54:28.263 [Test worker] INFO  com.phonebook.utils.MyListener -- The locator will find -> By.cssSelector: input[placeholder='Address']
11:54:28.263 [Test worker] INFO  com.phonebook.utils.MyListener -- =========================================================
11:54:28.279 [Test worker] INFO  com.phonebook.utils.MyListener -- The locator is -> By.cssSelector: input[placeholder='Address']
11:54:28.279 [Test worker] INFO  com.phonebook.utils.MyListener -- =========================================================
11:54:28.357 [Test worker] INFO  com.phonebook.utils.MyListener -- The locator will find -> By.cssSelector: input[placeholder='Address']
11:54:28.357 [Test worker] INFO  com.phonebook.utils.MyListener -- =========================================================
11:54:28.373 [Test worker] INFO  com.phonebook.utils.MyListener -- The locator is -> By.cssSelector: input[placeholder='Address']
11:54:28.373 [Test worker] INFO  com.phonebook.utils.MyListener -- =========================================================
11:54:28.416 [Test worker] INFO  com.phonebook.utils.MyListener -- The locator will find -> By.cssSelector: input[placeholder='Address']
11:54:28.416 [Test worker] INFO  com.phonebook.utils.MyListener -- =========================================================
11:54:28.426 [Test worker] INFO  com.phonebook.utils.MyListener -- The locator is -> By.cssSelector: input[placeholder='Address']
11:54:28.426 [Test worker] INFO  com.phonebook.utils.MyListener -- =========================================================
11:54:28.515 [Test worker] INFO  com.phonebook.utils.MyListener -- The locator will find -> By.cssSelector: input[placeholder='description']
11:54:28.517 [Test worker] INFO  com.phonebook.utils.MyListener -- =========================================================
11:54:28.530 [Test worker] INFO  com.phonebook.utils.MyListener -- The locator is -> By.cssSelector: input[placeholder='description']
11:54:28.530 [Test worker] INFO  com.phonebook.utils.MyListener -- =========================================================
11:54:28.657 [Test worker] INFO  com.phonebook.utils.MyListener -- The locator will find -> By.cssSelector: input[placeholder='description']
11:54:28.657 [Test worker] INFO  com.phonebook.utils.MyListener -- =========================================================
11:54:28.688 [Test worker] INFO  com.phonebook.utils.MyListener -- The locator is -> By.cssSelector: input[placeholder='description']
11:54:28.688 [Test worker] INFO  com.phonebook.utils.MyListener -- =========================================================
11:54:28.769 [Test worker] INFO  com.phonebook.utils.MyListener -- The locator will find -> By.cssSelector: input[placeholder='description']
11:54:28.769 [Test worker] INFO  com.phonebook.utils.MyListener -- =========================================================
11:54:28.779 [Test worker] INFO  com.phonebook.utils.MyListener -- The locator is -> By.cssSelector: input[placeholder='description']
11:54:28.779 [Test worker] INFO  com.phonebook.utils.MyListener -- =========================================================
11:54:28.822 [Test worker] INFO  com.phonebook.utils.MyListener -- The locator will find -> By.cssSelector: .add_form__2rsm2 button
11:54:28.822 [Test worker] INFO  com.phonebook.utils.MyListener -- =========================================================
11:54:28.850 [Test worker] INFO  com.phonebook.utils.MyListener -- The locator is -> By.cssSelector: .add_form__2rsm2 button
11:54:28.851 [Test worker] INFO  com.phonebook.utils.MyListener -- =========================================================
11:54:29.008 [Test worker] INFO  com.phonebook.utils.MyListener -- Before find elements -> Logger[com.phonebook.utils.MyListener]
11:54:29.008 [Test worker] INFO  com.phonebook.utils.MyListener -- =========================================================
11:54:29.672 [Test worker] INFO  com.phonebook.utils.MyListener -- List size -> 7
11:54:29.672 [Test worker] INFO  com.phonebook.utils.MyListener -- =========================================================
11:54:29.672 [Test worker] INFO  com.phonebook.utils.MyListener -- Before find elements -> Logger[com.phonebook.utils.MyListener]
11:54:29.672 [Test worker] INFO  com.phonebook.utils.MyListener -- =========================================================
11:54:29.686 [Test worker] INFO  com.phonebook.utils.MyListener -- List size -> 7
11:54:29.686 [Test worker] INFO  com.phonebook.utils.MyListener -- =========================================================
11:54:29.686 [Test worker] INFO  com.phonebook.utils.MyListener -- The locator will find -> By.cssSelector: .contact-item_card__2SOIM
11:54:29.686 [Test worker] INFO  com.phonebook.utils.MyListener -- =========================================================
11:54:29.701 [Test worker] INFO  com.phonebook.utils.MyListener -- The locator is -> By.cssSelector: .contact-item_card__2SOIM
11:54:29.701 [Test worker] INFO  com.phonebook.utils.MyListener -- =========================================================
11:54:29.781 [Test worker] INFO  com.phonebook.utils.MyListener -- The locator will find -> By.xpath: //button[.='Remove']
11:54:29.782 [Test worker] INFO  com.phonebook.utils.MyListener -- =========================================================
11:54:29.803 [Test worker] INFO  com.phonebook.utils.MyListener -- The locator is -> By.xpath: //button[.='Remove']
11:54:29.804 [Test worker] INFO  com.phonebook.utils.MyListener -- =========================================================
11:54:30.889 [Test worker] INFO  com.phonebook.utils.MyListener -- Before find elements -> Logger[com.phonebook.utils.MyListener]
11:54:30.889 [Test worker] INFO  com.phonebook.utils.MyListener -- =========================================================
11:54:30.905 [Test worker] INFO  com.phonebook.utils.MyListener -- List size -> 6
11:54:30.905 [Test worker] INFO  com.phonebook.utils.MyListener -- =========================================================
11:54:30.905 [Test worker] INFO  com.phonebook.utils.MyListener -- Before find elements -> Logger[com.phonebook.utils.MyListener]
11:54:30.905 [Test worker] INFO  com.phonebook.utils.MyListener -- =========================================================
11:54:30.914 [Test worker] INFO  com.phonebook.utils.MyListener -- List size -> 6
11:54:30.915 [Test worker] INFO  com.phonebook.utils.MyListener -- =========================================================
11:54:30.917 [Test worker] INFO  com.phonebook.tests.TestBase -- PASSED: deleteContactTest
11:54:30.918 [Test worker] INFO  com.phonebook.tests.TestBase -- Stop test
11:54:30.918 [Test worker] INFO  com.phonebook.tests.TestBase -- ==========================================================
]]></system-out>
  <system-err><![CDATA[]]></system-err>
</testsuite>
